<?xml version="1.0" encoding="utf-8"?>
<TreeView xmlns:xsi="http://www.w3.org/2001/XMLSchema-instance" xmlns:xsd="http://www.w3.org/2001/XMLSchema" ThemeName="VisualStudio2012Light" BackColor="239; 239; 242">
  <Nodes Name="Глава 1" Text="Глава 1. Общее знакомство с растениями" Font="Microsoft Sans Serif; 8,25pt">
    <Nodes Name="Мир растений" Text="Мир растений" Font="Microsoft Sans Serif; 8,25pt">
      <Nodes Name="Растительный организм как единое целое" Text="Растительный организм как единое целое" Font="Microsoft Sans Serif; 8,25pt" />
    </Nodes>
    <Nodes Name="Разнообразие растений. Особенности внешнего строения растений" Text="Разнообразие растений. Особенности внешнего строения растений" Font="Microsoft Sans Serif; 8,25pt">
      <Nodes Name="Способы размножения растений" Text="Способы размножения растений" Font="Microsoft Sans Serif; 8,25pt" />
      <Nodes Name="Размножение семенных растений" Text="Размножение семенных растений" Font="Microsoft Sans Serif; 8,25pt" />
    </Nodes>
    <Nodes Name="Растение – живой организм" Text="Растение – живой организм" Font="Microsoft Sans Serif; 8,25pt">
      <Nodes Name="Минеральное питание растений" Text="Минеральное питание растений" Font="Microsoft Sans Serif; 8,25pt" />
      <Nodes Name="Фотосинтез" Text="Фотосинтез" Font="Microsoft Sans Serif; 8,25pt" />
      <Nodes Name="Дыхание" Text="Дыхание" Font="Microsoft Sans Serif; 8,25pt" />
    </Nodes>
    <Nodes Name="Условия жизни растений" Text="Условия жизни растений" Font="Microsoft Sans Serif; 8,25pt">
      <Nodes Name="Основные экологические факторы и их влияние на растения" Text="Основные экологические факторы и их влияние на растения" Font="Microsoft Sans Serif; 8,25pt" />
      <Nodes Name="Основные экологические группы растений" Text="Основные экологические группы растений" Font="Microsoft Sans Serif; 8,25pt" />
    </Nodes>
    <Nodes Name="Четыре среды жизни на Земле" Text="Четыре среды жизни на Земле" Font="Microsoft Sans Serif; 8,25pt" />
  </Nodes>
  <Nodes Name="Глава 2. Органы цветковых растений" Text="Глава 2. Органы цветковых растений" Font="Microsoft Sans Serif; 8,25pt">
    <Nodes Name="Семя. Внешнее и внутреннее строение семени" Text="Семя. Внешнее и внутреннее строение семени" Font="Microsoft Sans Serif; 8,25pt" />
    <Nodes Name="Условия прорастания семян" Text="Условия прорастания семян" Font="Microsoft Sans Serif; 8,25pt">
      <Nodes Name="Строение семени. Плод" Text="Строение семени. Плод" Font="Microsoft Sans Serif; 8,25pt" />
      <Nodes Name="Прорастание семян" Text="Прорастание семян" Font="Microsoft Sans Serif; 8,25pt" />
    </Nodes>
    <Nodes Name="Корень. Внешнее и внутреннее строение корня" Text="Значение корня и их разнообразие" Font="Microsoft Sans Serif; 8,25pt">
      <Nodes Name="Корень" Text="Корень" Font="Microsoft Sans Serif; 8,25pt" />
      <Nodes Name="Видоизменения корня" Text="Видоизменения корня" Font="Microsoft Sans Serif; 8,25pt" />
    </Nodes>
    <Nodes Name="Побег. Значение и строение побега" Text="Побег. Значение и строение побега" Font="Microsoft Sans Serif; 8,25pt" />
    <Nodes Name="Лист – часть побега. Внешнее и внутреннее строение листа" Text="Лист – часть побега. Внешнее и внутреннее строение листа" Font="Microsoft Sans Serif; 8,25pt">
      <Nodes Name="Внешнее строение листа" Text="Внешнее строение листа" Font="Microsoft Sans Serif; 8,25pt" />
      <Nodes Name="Клеточное строение листа" Text="Клеточное строение листа" Font="Microsoft Sans Serif; 8,25pt" />
    </Nodes>
    <Nodes Name="Значение листа в жизни растений" Text="Значение листа в жизни растений" Font="Microsoft Sans Serif; 8,25pt">
      <Nodes Name="Внешнее строение листа " Text="Внешнее строение листа " Font="Microsoft Sans Serif; 8,25pt" />
      <Nodes Name="Клеточное строение листа " Text="Клеточное строение листа " Font="Microsoft Sans Serif; 8,25pt" />
      <Nodes Name="Видоизменения листьев" Text="Видоизменения листьев" Font="Microsoft Sans Serif; 8,25pt" />
      <Nodes Name="Испарение воды листьями. Листопад" Text="Испарение воды листьями. Листопад" Font="Microsoft Sans Serif; 8,25pt" />
    </Nodes>
    <Nodes Name="Стебель, его строение и значение" Text="Стебель, его строение и значение" Font="Microsoft Sans Serif; 8,25pt">
      <Nodes Name="Внешнее строение стебля" Text="Внешнее строение стебля" Font="Microsoft Sans Serif; 8,25pt" />
      <Nodes Name="Внутреннее строение стебля" Text="Внутреннее строение стебля" Font="Microsoft Sans Serif; 8,25pt" />
    </Nodes>
    <Nodes Name="Видоизменения побегов" Text="Видоизменения побегов" Font="Microsoft Sans Serif; 8,25pt" />
    <Nodes Name="Цветок – генеративный орган, его строение и значение" Expanded="true" Text="Цветок – генеративный орган, его строение и значение" Font="Microsoft Sans Serif; 8,25pt">
      <Nodes Name="Цветок" Text="Цветок" Font="Microsoft Sans Serif; 8,25pt" />
      <Nodes Name="Соцветия" Text="Соцветия" Font="Microsoft Sans Serif; 8,25pt" />
    </Nodes>
    <Nodes Name="Цветение и опыление растений" Text="Цветение и опыление растений" Font="Microsoft Sans Serif; 8,25pt" />
    <Nodes Name="Плод. Разнообразие и значение плодов" Expanded="true" Text="Плод. Разнообразие и значение плодов" Font="Microsoft Sans Serif; 8,25pt">
      <Nodes Name="Плод" Text="Плод" Font="Microsoft Sans Serif; 8,25pt" />
      <Nodes Name="Распространение плодов и семян" Text="Распространение плодов и семян" Font="Microsoft Sans Serif; 8,25pt" />
    </Nodes>
  </Nodes>
  <Nodes Name="Глава 3. Основные процессы жизнедеятельности растений" Text="Глава 3. Основные процессы жизнедеятельности растений" Font="Microsoft Sans Serif; 8,25pt">
    <Nodes Name="Минеральное питание растений " Expanded="true" Text="Минеральное питание растений " Font="Microsoft Sans Serif; 8,25pt">
      <Nodes Name="Химический состав растений" Text="Химический состав растений" Font="Microsoft Sans Serif; 8,25pt" />
      <Nodes Name="Минеральное питание" Text="Минеральное питание" Font="Microsoft Sans Serif; 8,25pt" />
    </Nodes>
    <Nodes Name="Воздушное питание растений" Text="Воздушное питание растений" Font="Microsoft Sans Serif; 8,25pt" />
    <Nodes Name="Дыхание и обмен веществ у растений" Text="Дыхание и обмен веществ у растений" Font="Microsoft Sans Serif; 8,25pt" />
    <Nodes Name="Значение воды в жизнедеятельности растений" Expanded="true" Text="Значение воды в жизнедеятельности растений" Font="Microsoft Sans Serif; 8,25pt">
      <Nodes Name="Испарение воды листьями. Листопад " Text="Испарение воды листьями. Листопад " Font="(отсутствует)" />
      <Nodes Name="Передвижение воды и питательных веществ в растении" Text="Передвижение воды и питательных веществ в растении" Font="(отсутствует)" />
    </Nodes>
    <Nodes Name="Размножение и оплодотворение у растений" Text="Размножение и оплодотворение у растений" Font="(отсутствует)" />
    <Nodes Name="Вегетативное размножение растений" Text="Вегетативное размножение растений" Font="(отсутствует)" />
    <Nodes Name="Использование вегетативного размножения человеком" Expanded="true" Text="Использование вегетативного размножения человеком" Font="(отсутствует)">
      <Nodes Name="Вегетативное размножение" Text="Вегетативное размножение" Font="(отсутствует)" />
      <Nodes Name="Размножение покрытосеменных растений" Text="Размножение покрытосеменных растений" Font="(отсутствует)" />
    </Nodes>
    <Nodes Name="Рост и развитие растительного организма" Text="Рост и развитие растительного организма" Font="(отсутствует)" />
    <Nodes Name="Зависимость роста и развития растений от условий окружающей среды" Text="Зависимость роста и развития растений от условий окружающей среды" Font="(отсутствует)" />
  </Nodes>
  <Nodes Name="Глава 4. Основные отделы царства растений" Text="Глава 4. Основные отделы царства растений" Font="(отсутствует)">
    <Nodes Name="Понятие о систематике растений" Text="Понятие о систематике растений" Font="(отсутствует)" />
    <Nodes Name="Отдел Покрытосеменные" Text="Отдел Покрытосеменные" Font="(отсутствует)" />
    <Nodes Name="Семейства класса Двудольные" Expanded="true" Text="Семейства класса Двудольные" Font="(отсутствует)">
      <Nodes Name="Класс Двудольные, семейство Крестоцветные" Text="Класс Двудольные, семейство Крестоцветные" Font="(отсутствует)" />
      <Nodes Name="Розоцветные" Text="Розоцветные" Font="(отсутствует)" />
      <Nodes Name="Пасленовые" Text="Пасленовые" Font="(отсутствует)" />
      <Nodes Name="Семейство Бобовые" Text="Семейство Бобовые" Font="(отсутствует)" />
      <Nodes Name="Двудольные, семейство Астровые" Text="Двудольные, семейство Астровые" Font="(отсутствует)" />
    </Nodes>
    <Nodes Name="Семейства класса Однодольные" Expanded="true" Text="Семейства класса Однодольные" Font="(отсутствует)">
      <Nodes Name="Класс Однодольные, семейство Лилейные" Text="Класс Однодольные, семейство Лилейные" Font="(отсутствует)" />
      <Nodes Name="Класс Однодольные, семейство Злаки" Text="Класс Однодольные, семейство Злаки" Font="(отсутствует)" />
    </Nodes>
  </Nodes>
  <Nodes Name="Глава 5. Историческое развитие растительного мира на Земле" Text="Глава 5. Историческое развитие растительного мира на Земле" Font="(отсутствует)">
    <Nodes Name="Понятие об эволюции растительного мира на Земле" Text="Понятие об эволюции растительного мира на Земле" Font="(отсутствует)" />
  </Nodes>
</TreeView>